[2025-07-28 19:01:00,064] INFO [Controller id=0] Processing automatic preferred replica leader election (kafka.controller.KafkaController)
[2025-07-28 19:01:00,097] TRACE [Controller id=0] Checking need to trigger auto leader balancing (kafka.controller.KafkaController)
[2025-07-28 19:01:00,110] DEBUG [Controller id=0] Topics not in preferred replica for broker 0 HashMap() (kafka.controller.KafkaController)
[2025-07-28 19:01:00,110] TRACE [Controller id=0] Leader imbalance ratio for broker 0 is 0.0 (kafka.controller.KafkaController)
[2025-07-28 19:06:21,660] INFO [Controller id=0] Processing automatic preferred replica leader election (kafka.controller.KafkaController)
[2025-07-28 19:06:21,672] TRACE [Controller id=0] Checking need to trigger auto leader balancing (kafka.controller.KafkaController)
[2025-07-28 19:06:21,692] DEBUG [Controller id=0] Topics not in preferred replica for broker 0 HashMap() (kafka.controller.KafkaController)
[2025-07-28 19:06:21,694] TRACE [Controller id=0] Leader imbalance ratio for broker 0 is 0.0 (kafka.controller.KafkaController)
[2025-07-28 19:09:02,726] INFO [Controller id=0] New topics: [Set(Customer-topic)], deleted topics: [HashSet()], new partition replica assignment [Set(TopicIdReplicaAssignment(Customer-topic,Some(aWoz7CWNQW6x-5_jbLrZKA),Map(Customer-topic-0 -> ReplicaAssignment(replicas=0, addingReplicas=, removingReplicas=))))] (kafka.controller.KafkaController)
[2025-07-28 19:09:02,727] INFO [Controller id=0] New partition creation callback for Customer-topic-0 (kafka.controller.KafkaController)
[2025-07-28 19:09:02,864] INFO [RequestSendThread controllerId=0] Controller 0 connected to GAURAV.localdomain:9092 (id: 0 rack: null) for sending state change requests (kafka.controller.RequestSendThread)
[2025-07-28 19:11:42,963] INFO [Controller id=0] Processing automatic preferred replica leader election (kafka.controller.KafkaController)
[2025-07-28 19:11:42,971] TRACE [Controller id=0] Checking need to trigger auto leader balancing (kafka.controller.KafkaController)
[2025-07-28 19:11:42,988] DEBUG [Controller id=0] Topics not in preferred replica for broker 0 HashMap() (kafka.controller.KafkaController)
[2025-07-28 19:11:42,991] TRACE [Controller id=0] Leader imbalance ratio for broker 0 is 0.0 (kafka.controller.KafkaController)
[2025-07-28 19:17:06,077] INFO [Controller id=0] Processing automatic preferred replica leader election (kafka.controller.KafkaController)
[2025-07-28 19:17:06,091] TRACE [Controller id=0] Checking need to trigger auto leader balancing (kafka.controller.KafkaController)
[2025-07-28 19:17:06,116] DEBUG [Controller id=0] Topics not in preferred replica for broker 0 HashMap() (kafka.controller.KafkaController)
[2025-07-28 19:17:06,118] TRACE [Controller id=0] Leader imbalance ratio for broker 0 is 0.0 (kafka.controller.KafkaController)
[2025-07-28 19:17:34,240] INFO [Controller id=0] New topics: [Set(default-topic)], deleted topics: [HashSet()], new partition replica assignment [Set(TopicIdReplicaAssignment(default-topic,Some(_ibBWIHqRKOF8ixKDAPTtQ),HashMap(default-topic-4 -> ReplicaAssignment(replicas=0, addingReplicas=, removingReplicas=), default-topic-1 -> ReplicaAssignment(replicas=0, addingReplicas=, removingReplicas=), default-topic-0 -> ReplicaAssignment(replicas=0, addingReplicas=, removingReplicas=), default-topic-2 -> ReplicaAssignment(replicas=0, addingReplicas=, removingReplicas=), default-topic-3 -> ReplicaAssignment(replicas=0, addingReplicas=, removingReplicas=))))] (kafka.controller.KafkaController)
[2025-07-28 19:17:34,241] INFO [Controller id=0] New partition creation callback for default-topic-4,default-topic-1,default-topic-0,default-topic-2,default-topic-3 (kafka.controller.KafkaController)
[2025-07-28 19:17:34,559] INFO [Controller id=0] New partitions to be added HashMap(Customer-topic-3 -> ReplicaAssignment(replicas=0, addingReplicas=, removingReplicas=), Customer-topic-2 -> ReplicaAssignment(replicas=0, addingReplicas=, removingReplicas=), Customer-topic-1 -> ReplicaAssignment(replicas=0, addingReplicas=, removingReplicas=), Customer-topic-4 -> ReplicaAssignment(replicas=0, addingReplicas=, removingReplicas=)) (kafka.controller.KafkaController)
[2025-07-28 19:17:34,564] INFO [Controller id=0] New partition creation callback for Customer-topic-3,Customer-topic-2,Customer-topic-1,Customer-topic-4 (kafka.controller.KafkaController)
[2025-07-28 19:22:27,339] INFO [Controller id=0] Processing automatic preferred replica leader election (kafka.controller.KafkaController)
[2025-07-28 19:22:27,343] TRACE [Controller id=0] Checking need to trigger auto leader balancing (kafka.controller.KafkaController)
[2025-07-28 19:22:27,360] DEBUG [Controller id=0] Topics not in preferred replica for broker 0 HashMap() (kafka.controller.KafkaController)
[2025-07-28 19:22:27,363] TRACE [Controller id=0] Leader imbalance ratio for broker 0 is 0.0 (kafka.controller.KafkaController)
[2025-07-28 19:27:49,287] INFO [Controller id=0] Processing automatic preferred replica leader election (kafka.controller.KafkaController)
[2025-07-28 19:27:49,301] TRACE [Controller id=0] Checking need to trigger auto leader balancing (kafka.controller.KafkaController)
[2025-07-28 19:27:49,329] DEBUG [Controller id=0] Topics not in preferred replica for broker 0 HashMap() (kafka.controller.KafkaController)
[2025-07-28 19:27:49,330] TRACE [Controller id=0] Leader imbalance ratio for broker 0 is 0.0 (kafka.controller.KafkaController)
[2025-07-28 19:33:06,976] INFO [Controller id=0] Processing automatic preferred replica leader election (kafka.controller.KafkaController)
[2025-07-28 19:33:06,991] TRACE [Controller id=0] Checking need to trigger auto leader balancing (kafka.controller.KafkaController)
[2025-07-28 19:33:07,039] DEBUG [Controller id=0] Topics not in preferred replica for broker 0 HashMap() (kafka.controller.KafkaController)
[2025-07-28 19:33:07,043] TRACE [Controller id=0] Leader imbalance ratio for broker 0 is 0.0 (kafka.controller.KafkaController)
[2025-07-28 19:38:23,811] INFO [Controller id=0] Processing automatic preferred replica leader election (kafka.controller.KafkaController)
[2025-07-28 19:38:23,817] TRACE [Controller id=0] Checking need to trigger auto leader balancing (kafka.controller.KafkaController)
[2025-07-28 19:38:23,828] DEBUG [Controller id=0] Topics not in preferred replica for broker 0 HashMap() (kafka.controller.KafkaController)
[2025-07-28 19:38:23,829] TRACE [Controller id=0] Leader imbalance ratio for broker 0 is 0.0 (kafka.controller.KafkaController)
[2025-07-28 19:43:40,605] INFO [Controller id=0] Processing automatic preferred replica leader election (kafka.controller.KafkaController)
[2025-07-28 19:43:40,646] TRACE [Controller id=0] Checking need to trigger auto leader balancing (kafka.controller.KafkaController)
[2025-07-28 19:43:40,702] DEBUG [Controller id=0] Topics not in preferred replica for broker 0 HashMap() (kafka.controller.KafkaController)
[2025-07-28 19:43:40,706] TRACE [Controller id=0] Leader imbalance ratio for broker 0 is 0.0 (kafka.controller.KafkaController)
[2025-07-28 19:48:58,046] INFO [Controller id=0] Processing automatic preferred replica leader election (kafka.controller.KafkaController)
[2025-07-28 19:48:58,051] TRACE [Controller id=0] Checking need to trigger auto leader balancing (kafka.controller.KafkaController)
[2025-07-28 19:48:58,057] DEBUG [Controller id=0] Topics not in preferred replica for broker 0 HashMap() (kafka.controller.KafkaController)
[2025-07-28 19:48:58,059] TRACE [Controller id=0] Leader imbalance ratio for broker 0 is 0.0 (kafka.controller.KafkaController)
[2025-07-28 19:54:20,405] INFO [Controller id=0] Processing automatic preferred replica leader election (kafka.controller.KafkaController)
[2025-07-28 19:54:20,410] TRACE [Controller id=0] Checking need to trigger auto leader balancing (kafka.controller.KafkaController)
[2025-07-28 19:54:20,426] DEBUG [Controller id=0] Topics not in preferred replica for broker 0 HashMap() (kafka.controller.KafkaController)
[2025-07-28 19:54:20,428] TRACE [Controller id=0] Leader imbalance ratio for broker 0 is 0.0 (kafka.controller.KafkaController)
