[2025-07-29 18:14:35,518] INFO Terminating process due to signal SIGINT (org.apache.kafka.common.utils.LoggingSignalHandler)
[2025-07-29 18:14:35,610] INFO [KafkaServer id=0] shutting down (kafka.server.KafkaServer)
[2025-07-29 18:14:35,645] INFO [KafkaServer id=0] Starting controlled shutdown (kafka.server.KafkaServer)
[2025-07-29 18:14:35,776] INFO [KafkaServer id=0] Controlled shutdown request returned successfully after 83ms (kafka.server.KafkaServer)
[2025-07-29 18:14:35,800] INFO [/config/changes-event-process-thread]: Shutting down (kafka.common.ZkNodeChangeNotificationListener$ChangeEventProcessThread)
[2025-07-29 18:14:35,802] INFO [/config/changes-event-process-thread]: Stopped (kafka.common.ZkNodeChangeNotificationListener$ChangeEventProcessThread)
[2025-07-29 18:14:35,802] INFO [/config/changes-event-process-thread]: Shutdown completed (kafka.common.ZkNodeChangeNotificationListener$ChangeEventProcessThread)
[2025-07-29 18:14:35,805] INFO [SocketServer listenerType=ZK_BROKER, nodeId=0] Stopping socket server request processors (kafka.network.SocketServer)
[2025-07-29 18:14:35,901] INFO [SocketServer listenerType=ZK_BROKER, nodeId=0] Stopped socket server request processors (kafka.network.SocketServer)
[2025-07-29 18:14:35,904] INFO [data-plane Kafka Request Handler on Broker 0], shutting down (kafka.server.KafkaRequestHandlerPool)
[2025-07-29 18:14:35,909] INFO [data-plane Kafka Request Handler on Broker 0], shut down completely (kafka.server.KafkaRequestHandlerPool)
[2025-07-29 18:14:35,918] INFO [ExpirationReaper-0-AlterAcls]: Shutting down (kafka.server.DelayedOperationPurgatory$ExpiredOperationReaper)
[2025-07-29 18:14:35,920] INFO [ExpirationReaper-0-AlterAcls]: Stopped (kafka.server.DelayedOperationPurgatory$ExpiredOperationReaper)
[2025-07-29 18:14:35,921] INFO [ExpirationReaper-0-AlterAcls]: Shutdown completed (kafka.server.DelayedOperationPurgatory$ExpiredOperationReaper)
[2025-07-29 18:14:35,923] INFO [KafkaApi-0] Shutdown complete. (kafka.server.KafkaApis)
[2025-07-29 18:14:35,930] INFO [ExpirationReaper-0-topic]: Shutting down (kafka.server.DelayedOperationPurgatory$ExpiredOperationReaper)
[2025-07-29 18:14:35,933] INFO [ExpirationReaper-0-topic]: Stopped (kafka.server.DelayedOperationPurgatory$ExpiredOperationReaper)
[2025-07-29 18:14:35,933] INFO [ExpirationReaper-0-topic]: Shutdown completed (kafka.server.DelayedOperationPurgatory$ExpiredOperationReaper)
[2025-07-29 18:14:35,941] INFO [TransactionCoordinator id=0] Shutting down. (kafka.coordinator.transaction.TransactionCoordinator)
[2025-07-29 18:14:35,944] INFO [Transaction State Manager 0]: Shutdown complete (kafka.coordinator.transaction.TransactionStateManager)
[2025-07-29 18:14:35,945] INFO [TxnMarkerSenderThread-0]: Shutting down (kafka.coordinator.transaction.TransactionMarkerChannelManager)
[2025-07-29 18:14:35,946] INFO [TxnMarkerSenderThread-0]: Stopped (kafka.coordinator.transaction.TransactionMarkerChannelManager)
[2025-07-29 18:14:35,946] INFO [TxnMarkerSenderThread-0]: Shutdown completed (kafka.coordinator.transaction.TransactionMarkerChannelManager)
[2025-07-29 18:14:35,952] INFO [TransactionCoordinator id=0] Shutdown complete. (kafka.coordinator.transaction.TransactionCoordinator)
[2025-07-29 18:14:35,957] INFO [GroupCoordinator 0]: Shutting down. (kafka.coordinator.group.GroupCoordinator)
[2025-07-29 18:14:35,959] INFO [ExpirationReaper-0-Heartbeat]: Shutting down (kafka.server.DelayedOperationPurgatory$ExpiredOperationReaper)
[2025-07-29 18:14:35,961] INFO [ExpirationReaper-0-Heartbeat]: Stopped (kafka.server.DelayedOperationPurgatory$ExpiredOperationReaper)
[2025-07-29 18:14:35,961] INFO [ExpirationReaper-0-Heartbeat]: Shutdown completed (kafka.server.DelayedOperationPurgatory$ExpiredOperationReaper)
[2025-07-29 18:14:35,963] INFO [ExpirationReaper-0-Rebalance]: Shutting down (kafka.server.DelayedOperationPurgatory$ExpiredOperationReaper)
[2025-07-29 18:14:35,966] INFO [ExpirationReaper-0-Rebalance]: Stopped (kafka.server.DelayedOperationPurgatory$ExpiredOperationReaper)
[2025-07-29 18:14:35,966] INFO [ExpirationReaper-0-Rebalance]: Shutdown completed (kafka.server.DelayedOperationPurgatory$ExpiredOperationReaper)
[2025-07-29 18:14:35,970] INFO [GroupCoordinator 0]: Shutdown complete. (kafka.coordinator.group.GroupCoordinator)
[2025-07-29 18:14:35,976] INFO [ReplicaManager broker=0] Shutting down (kafka.server.ReplicaManager)
[2025-07-29 18:14:35,980] INFO [LogDirFailureHandler]: Shutting down (kafka.server.ReplicaManager$LogDirFailureHandler)
[2025-07-29 18:14:35,982] INFO [LogDirFailureHandler]: Stopped (kafka.server.ReplicaManager$LogDirFailureHandler)
[2025-07-29 18:14:35,982] INFO [LogDirFailureHandler]: Shutdown completed (kafka.server.ReplicaManager$LogDirFailureHandler)
[2025-07-29 18:14:35,987] INFO [ReplicaFetcherManager on broker 0] shutting down (kafka.server.ReplicaFetcherManager)
[2025-07-29 18:14:35,990] INFO [ReplicaFetcherManager on broker 0] shutdown completed (kafka.server.ReplicaFetcherManager)
[2025-07-29 18:14:35,992] INFO [ReplicaAlterLogDirsManager on broker 0] shutting down (kafka.server.ReplicaAlterLogDirsManager)
[2025-07-29 18:14:35,994] INFO [ReplicaAlterLogDirsManager on broker 0] shutdown completed (kafka.server.ReplicaAlterLogDirsManager)
[2025-07-29 18:14:35,994] INFO [ExpirationReaper-0-Fetch]: Shutting down (kafka.server.DelayedOperationPurgatory$ExpiredOperationReaper)
[2025-07-29 18:14:35,995] INFO [ExpirationReaper-0-Fetch]: Stopped (kafka.server.DelayedOperationPurgatory$ExpiredOperationReaper)
[2025-07-29 18:14:35,995] INFO [ExpirationReaper-0-Fetch]: Shutdown completed (kafka.server.DelayedOperationPurgatory$ExpiredOperationReaper)
[2025-07-29 18:14:35,996] INFO [ExpirationReaper-0-RemoteFetch]: Shutting down (kafka.server.DelayedOperationPurgatory$ExpiredOperationReaper)
[2025-07-29 18:14:35,998] INFO [ExpirationReaper-0-RemoteFetch]: Stopped (kafka.server.DelayedOperationPurgatory$ExpiredOperationReaper)
[2025-07-29 18:14:35,998] INFO [ExpirationReaper-0-RemoteFetch]: Shutdown completed (kafka.server.DelayedOperationPurgatory$ExpiredOperationReaper)
[2025-07-29 18:14:35,999] INFO [ExpirationReaper-0-Produce]: Shutting down (kafka.server.DelayedOperationPurgatory$ExpiredOperationReaper)
[2025-07-29 18:14:36,000] INFO [ExpirationReaper-0-Produce]: Stopped (kafka.server.DelayedOperationPurgatory$ExpiredOperationReaper)
[2025-07-29 18:14:36,000] INFO [ExpirationReaper-0-Produce]: Shutdown completed (kafka.server.DelayedOperationPurgatory$ExpiredOperationReaper)
[2025-07-29 18:14:36,003] INFO [ExpirationReaper-0-DeleteRecords]: Shutting down (kafka.server.DelayedOperationPurgatory$ExpiredOperationReaper)
[2025-07-29 18:14:36,005] INFO [ExpirationReaper-0-DeleteRecords]: Stopped (kafka.server.DelayedOperationPurgatory$ExpiredOperationReaper)
[2025-07-29 18:14:36,005] INFO [ExpirationReaper-0-DeleteRecords]: Shutdown completed (kafka.server.DelayedOperationPurgatory$ExpiredOperationReaper)
[2025-07-29 18:14:36,007] INFO [ExpirationReaper-0-ElectLeader]: Shutting down (kafka.server.DelayedOperationPurgatory$ExpiredOperationReaper)
[2025-07-29 18:14:36,009] INFO [ExpirationReaper-0-ElectLeader]: Stopped (kafka.server.DelayedOperationPurgatory$ExpiredOperationReaper)
[2025-07-29 18:14:36,009] INFO [ExpirationReaper-0-ElectLeader]: Shutdown completed (kafka.server.DelayedOperationPurgatory$ExpiredOperationReaper)
[2025-07-29 18:14:36,037] INFO [AddPartitionsToTxnSenderThread-0]: Shutting down (kafka.server.AddPartitionsToTxnManager)
[2025-07-29 18:14:36,038] INFO [AddPartitionsToTxnSenderThread-0]: Stopped (kafka.server.AddPartitionsToTxnManager)
[2025-07-29 18:14:36,038] INFO [AddPartitionsToTxnSenderThread-0]: Shutdown completed (kafka.server.AddPartitionsToTxnManager)
[2025-07-29 18:14:36,041] INFO [ReplicaManager broker=0] Shut down completely (kafka.server.ReplicaManager)
[2025-07-29 18:14:36,043] INFO [zk-broker-0-to-controller-alter-partition-channel-manager]: Shutting down (kafka.server.BrokerToControllerRequestThread)
[2025-07-29 18:14:36,043] INFO [zk-broker-0-to-controller-alter-partition-channel-manager]: Stopped (kafka.server.BrokerToControllerRequestThread)
[2025-07-29 18:14:36,043] INFO [zk-broker-0-to-controller-alter-partition-channel-manager]: Shutdown completed (kafka.server.BrokerToControllerRequestThread)
[2025-07-29 18:14:36,053] INFO Broker to controller channel manager for alter-partition shutdown (kafka.server.BrokerToControllerChannelManagerImpl)
[2025-07-29 18:14:36,056] INFO [zk-broker-0-to-controller-forwarding-channel-manager]: Shutting down (kafka.server.BrokerToControllerRequestThread)
[2025-07-29 18:14:36,057] INFO [zk-broker-0-to-controller-forwarding-channel-manager]: Stopped (kafka.server.BrokerToControllerRequestThread)
[2025-07-29 18:14:36,057] INFO [zk-broker-0-to-controller-forwarding-channel-manager]: Shutdown completed (kafka.server.BrokerToControllerRequestThread)
[2025-07-29 18:14:36,059] INFO Broker to controller channel manager for forwarding shutdown (kafka.server.BrokerToControllerChannelManagerImpl)
[2025-07-29 18:14:36,065] INFO Shutting down. (kafka.log.LogManager)
[2025-07-29 18:14:36,086] INFO [kafka-log-cleaner-thread-0]: Shutting down (kafka.log.LogCleaner$CleanerThread)
[2025-07-29 18:14:36,091] INFO [kafka-log-cleaner-thread-0]: Shutdown completed (kafka.log.LogCleaner$CleanerThread)
[2025-07-29 18:14:36,091] INFO [kafka-log-cleaner-thread-0]: Stopped (kafka.log.LogCleaner$CleanerThread)
[2025-07-29 18:14:36,147] INFO [ProducerStateManager partition=__consumer_offsets-29]Wrote producer snapshot at offset 27 with 0 producer ids in 6 ms. (org.apache.kafka.storage.internals.log.ProducerStateManager)
[2025-07-29 18:14:36,189] INFO [ProducerStateManager partition=__consumer_offsets-26]Wrote producer snapshot at offset 30 with 0 producer ids in 3 ms. (org.apache.kafka.storage.internals.log.ProducerStateManager)
[2025-07-29 18:14:36,229] INFO [ProducerStateManager partition=default-topic-3]Wrote producer snapshot at offset 130 with 1 producer ids in 4 ms. (org.apache.kafka.storage.internals.log.ProducerStateManager)
[2025-07-29 18:14:36,267] INFO [ProducerStateManager partition=Customer-topic-1]Wrote producer snapshot at offset 3 with 1 producer ids in 2 ms. (org.apache.kafka.storage.internals.log.ProducerStateManager)
[2025-07-29 18:14:36,291] INFO [ProducerStateManager partition=default-topic-0]Wrote producer snapshot at offset 170 with 1 producer ids in 2 ms. (org.apache.kafka.storage.internals.log.ProducerStateManager)
[2025-07-29 18:14:36,337] INFO Shutdown complete. (kafka.log.LogManager)
[2025-07-29 18:14:36,355] INFO [feature-zk-node-event-process-thread]: Shutting down (kafka.server.FinalizedFeatureChangeListener$ChangeNotificationProcessorThread)
[2025-07-29 18:14:36,357] INFO [feature-zk-node-event-process-thread]: Stopped (kafka.server.FinalizedFeatureChangeListener$ChangeNotificationProcessorThread)
[2025-07-29 18:14:36,357] INFO [feature-zk-node-event-process-thread]: Shutdown completed (kafka.server.FinalizedFeatureChangeListener$ChangeNotificationProcessorThread)
[2025-07-29 18:14:36,359] INFO [ZooKeeperClient Kafka server] Closing. (kafka.zookeeper.ZooKeeperClient)
[2025-07-29 18:14:36,622] INFO Session: 0x10000062d0e0000 closed (org.apache.zookeeper.ZooKeeper)
[2025-07-29 18:14:36,622] INFO EventThread shut down for session: 0x10000062d0e0000 (org.apache.zookeeper.ClientCnxn)
[2025-07-29 18:14:36,623] INFO [ZooKeeperClient Kafka server] Closed. (kafka.zookeeper.ZooKeeperClient)
[2025-07-29 18:14:36,624] INFO [ThrottledChannelReaper-Fetch]: Shutting down (kafka.server.ClientQuotaManager$ThrottledChannelReaper)
[2025-07-29 18:14:36,629] INFO [ThrottledChannelReaper-Fetch]: Stopped (kafka.server.ClientQuotaManager$ThrottledChannelReaper)
[2025-07-29 18:14:36,629] INFO [ThrottledChannelReaper-Fetch]: Shutdown completed (kafka.server.ClientQuotaManager$ThrottledChannelReaper)
[2025-07-29 18:14:36,630] INFO [ThrottledChannelReaper-Produce]: Shutting down (kafka.server.ClientQuotaManager$ThrottledChannelReaper)
[2025-07-29 18:14:36,630] INFO [ThrottledChannelReaper-Produce]: Stopped (kafka.server.ClientQuotaManager$ThrottledChannelReaper)
[2025-07-29 18:14:36,630] INFO [ThrottledChannelReaper-Produce]: Shutdown completed (kafka.server.ClientQuotaManager$ThrottledChannelReaper)
[2025-07-29 18:14:36,631] INFO [ThrottledChannelReaper-Request]: Shutting down (kafka.server.ClientQuotaManager$ThrottledChannelReaper)
[2025-07-29 18:14:36,633] INFO [ThrottledChannelReaper-Request]: Stopped (kafka.server.ClientQuotaManager$ThrottledChannelReaper)
[2025-07-29 18:14:36,633] INFO [ThrottledChannelReaper-Request]: Shutdown completed (kafka.server.ClientQuotaManager$ThrottledChannelReaper)
[2025-07-29 18:14:36,634] INFO [ThrottledChannelReaper-ControllerMutation]: Shutting down (kafka.server.ClientQuotaManager$ThrottledChannelReaper)
[2025-07-29 18:14:36,635] INFO [ThrottledChannelReaper-ControllerMutation]: Stopped (kafka.server.ClientQuotaManager$ThrottledChannelReaper)
[2025-07-29 18:14:36,635] INFO [ThrottledChannelReaper-ControllerMutation]: Shutdown completed (kafka.server.ClientQuotaManager$ThrottledChannelReaper)
[2025-07-29 18:14:36,637] INFO [SocketServer listenerType=ZK_BROKER, nodeId=0] Shutting down socket server (kafka.network.SocketServer)
[2025-07-29 18:14:36,670] INFO [SocketServer listenerType=ZK_BROKER, nodeId=0] Shutdown completed (kafka.network.SocketServer)
[2025-07-29 18:14:36,672] INFO Metrics scheduler closed (org.apache.kafka.common.metrics.Metrics)
[2025-07-29 18:14:36,672] INFO Closing reporter org.apache.kafka.common.metrics.JmxReporter (org.apache.kafka.common.metrics.Metrics)
[2025-07-29 18:14:36,673] INFO Metrics reporters closed (org.apache.kafka.common.metrics.Metrics)
[2025-07-29 18:14:36,674] INFO Broker and topic stats closed (kafka.server.BrokerTopicStats)
[2025-07-29 18:14:36,676] INFO App info kafka.server for 0 unregistered (org.apache.kafka.common.utils.AppInfoParser)
[2025-07-29 18:14:36,676] INFO [KafkaServer id=0] shut down completed (kafka.server.KafkaServer)
[2025-07-29 18:14:52,132] INFO Registered kafka:type=kafka.Log4jController MBean (kafka.utils.Log4jControllerRegistration$)
[2025-07-29 18:14:52,639] INFO Setting -D jdk.tls.rejectClientInitiatedRenegotiation=true to disable client-initiated TLS renegotiation (org.apache.zookeeper.common.X509Util)
[2025-07-29 18:14:52,688] ERROR Exiting Kafka due to fatal exception (kafka.Kafka$)
java.lang.IllegalArgumentException: Error creating broker listeners from 'PLAINTEXT://172.31.246.162:9092  # <- use your real WSL IP': Unable to parse PLAINTEXT://172.31.246.162:9092  # <- use your real WSL IP to a broker endpoint
	at kafka.utils.CoreUtils$.listenerListToEndPoints(CoreUtils.scala:266)
	at kafka.server.KafkaConfig.effectiveAdvertisedListeners(KafkaConfig.scala:2154)
	at kafka.server.KafkaConfig.validateValues(KafkaConfig.scala:2275)
	at kafka.server.KafkaConfig.<init>(KafkaConfig.scala:2233)
	at kafka.server.KafkaConfig.<init>(KafkaConfig.scala:1604)
	at kafka.Kafka$.buildServer(Kafka.scala:72)
	at kafka.Kafka$.main(Kafka.scala:91)
	at kafka.Kafka.main(Kafka.scala)
Caused by: org.apache.kafka.common.KafkaException: Unable to parse PLAINTEXT://172.31.246.162:9092  # <- use your real WSL IP to a broker endpoint
	at kafka.cluster.EndPoint$.createEndPoint(EndPoint.scala:58)
	at kafka.utils.CoreUtils$.$anonfun$listenerListToEndPoints$10(CoreUtils.scala:263)
	at scala.collection.StrictOptimizedIterableOps.map(StrictOptimizedIterableOps.scala:100)
	at scala.collection.StrictOptimizedIterableOps.map$(StrictOptimizedIterableOps.scala:87)
	at scala.collection.mutable.ArraySeq.map(ArraySeq.scala:37)
	at kafka.utils.CoreUtils$.listenerListToEndPoints(CoreUtils.scala:263)
	... 7 more
