[2025-07-28 19:09:02,739] INFO [Controller id=0 epoch=1] Changed partition Customer-topic-0 state from NonExistentPartition to NewPartition with assigned replicas 0 (state.change.logger)
[2025-07-28 19:09:02,753] INFO [Controller id=0 epoch=1] Sending UpdateMetadata request to brokers HashSet() for 0 partitions (state.change.logger)
[2025-07-28 19:09:02,763] INFO [Controller id=0 epoch=1] Sending UpdateMetadata request to brokers HashSet() for 0 partitions (state.change.logger)
[2025-07-28 19:09:02,810] INFO [Controller id=0 epoch=1] Changed partition Customer-topic-0 from NewPartition to OnlinePartition with state LeaderAndIsr(leader=0, leaderEpoch=0, isrWithBrokerEpoch=List(BrokerState(brokerId=0, brokerEpoch=-1)), leaderRecoveryState=RECOVERED, partitionEpoch=0) (state.change.logger)
[2025-07-28 19:09:02,811] INFO [Controller id=0 epoch=1] Sending LeaderAndIsr request to broker 0 with 1 become-leader and 0 become-follower partitions (state.change.logger)
[2025-07-28 19:09:02,817] INFO [Controller id=0 epoch=1] Sending UpdateMetadata request to brokers HashSet(0) for 1 partitions (state.change.logger)
[2025-07-28 19:09:02,822] INFO [Controller id=0 epoch=1] Sending UpdateMetadata request to brokers HashSet() for 0 partitions (state.change.logger)
[2025-07-28 19:09:02,884] INFO [Broker id=0] Handling LeaderAndIsr request correlationId 5 from controller 0 for 1 partitions (state.change.logger)
[2025-07-28 19:09:02,899] INFO [Broker id=0] Stopped fetchers as part of LeaderAndIsr request correlationId 5 from controller 0 epoch 1 as part of the become-leader transition for 1 partitions (state.change.logger)
[2025-07-28 19:09:02,978] INFO [Broker id=0] Leader Customer-topic-0 with topic id Some(aWoz7CWNQW6x-5_jbLrZKA) starts at leader epoch 0 from offset 0 with partition epoch 0, high watermark 0, ISR [0], adding replicas [] and removing replicas [] . Previous leader None and previous leader epoch was -1. (state.change.logger)
[2025-07-28 19:09:02,996] INFO [Broker id=0] Finished LeaderAndIsr request in 113ms correlationId 5 from controller 0 for 1 partitions (state.change.logger)
[2025-07-28 19:09:03,009] INFO [Broker id=0] Add 1 partitions and deleted 0 partitions from metadata cache in response to UpdateMetadata request sent by controller 0 epoch 1 with correlation id 6 (state.change.logger)
[2025-07-28 19:17:34,244] INFO [Controller id=0 epoch=1] Changed partition default-topic-4 state from NonExistentPartition to NewPartition with assigned replicas 0 (state.change.logger)
[2025-07-28 19:17:34,244] INFO [Controller id=0 epoch=1] Changed partition default-topic-1 state from NonExistentPartition to NewPartition with assigned replicas 0 (state.change.logger)
[2025-07-28 19:17:34,245] INFO [Controller id=0 epoch=1] Changed partition default-topic-0 state from NonExistentPartition to NewPartition with assigned replicas 0 (state.change.logger)
[2025-07-28 19:17:34,245] INFO [Controller id=0 epoch=1] Changed partition default-topic-2 state from NonExistentPartition to NewPartition with assigned replicas 0 (state.change.logger)
[2025-07-28 19:17:34,245] INFO [Controller id=0 epoch=1] Changed partition default-topic-3 state from NonExistentPartition to NewPartition with assigned replicas 0 (state.change.logger)
[2025-07-28 19:17:34,245] INFO [Controller id=0 epoch=1] Sending UpdateMetadata request to brokers HashSet() for 0 partitions (state.change.logger)
[2025-07-28 19:17:34,248] INFO [Controller id=0 epoch=1] Sending UpdateMetadata request to brokers HashSet() for 0 partitions (state.change.logger)
[2025-07-28 19:17:34,285] INFO [Controller id=0 epoch=1] Changed partition default-topic-4 from NewPartition to OnlinePartition with state LeaderAndIsr(leader=0, leaderEpoch=0, isrWithBrokerEpoch=List(BrokerState(brokerId=0, brokerEpoch=-1)), leaderRecoveryState=RECOVERED, partitionEpoch=0) (state.change.logger)
[2025-07-28 19:17:34,285] INFO [Controller id=0 epoch=1] Changed partition default-topic-1 from NewPartition to OnlinePartition with state LeaderAndIsr(leader=0, leaderEpoch=0, isrWithBrokerEpoch=List(BrokerState(brokerId=0, brokerEpoch=-1)), leaderRecoveryState=RECOVERED, partitionEpoch=0) (state.change.logger)
[2025-07-28 19:17:34,285] INFO [Controller id=0 epoch=1] Changed partition default-topic-0 from NewPartition to OnlinePartition with state LeaderAndIsr(leader=0, leaderEpoch=0, isrWithBrokerEpoch=List(BrokerState(brokerId=0, brokerEpoch=-1)), leaderRecoveryState=RECOVERED, partitionEpoch=0) (state.change.logger)
[2025-07-28 19:17:34,286] INFO [Controller id=0 epoch=1] Changed partition default-topic-2 from NewPartition to OnlinePartition with state LeaderAndIsr(leader=0, leaderEpoch=0, isrWithBrokerEpoch=List(BrokerState(brokerId=0, brokerEpoch=-1)), leaderRecoveryState=RECOVERED, partitionEpoch=0) (state.change.logger)
[2025-07-28 19:17:34,286] INFO [Controller id=0 epoch=1] Changed partition default-topic-3 from NewPartition to OnlinePartition with state LeaderAndIsr(leader=0, leaderEpoch=0, isrWithBrokerEpoch=List(BrokerState(brokerId=0, brokerEpoch=-1)), leaderRecoveryState=RECOVERED, partitionEpoch=0) (state.change.logger)
[2025-07-28 19:17:34,286] INFO [Controller id=0 epoch=1] Sending LeaderAndIsr request to broker 0 with 5 become-leader and 0 become-follower partitions (state.change.logger)
[2025-07-28 19:17:34,288] INFO [Controller id=0 epoch=1] Sending UpdateMetadata request to brokers HashSet(0) for 5 partitions (state.change.logger)
[2025-07-28 19:17:34,289] INFO [Controller id=0 epoch=1] Sending UpdateMetadata request to brokers HashSet() for 0 partitions (state.change.logger)
[2025-07-28 19:17:34,294] INFO [Broker id=0] Handling LeaderAndIsr request correlationId 7 from controller 0 for 5 partitions (state.change.logger)
[2025-07-28 19:17:34,311] INFO [Broker id=0] Stopped fetchers as part of LeaderAndIsr request correlationId 7 from controller 0 epoch 1 as part of the become-leader transition for 5 partitions (state.change.logger)
[2025-07-28 19:17:34,346] INFO [Broker id=0] Leader default-topic-1 with topic id Some(_ibBWIHqRKOF8ixKDAPTtQ) starts at leader epoch 0 from offset 0 with partition epoch 0, high watermark 0, ISR [0], adding replicas [] and removing replicas [] . Previous leader None and previous leader epoch was -1. (state.change.logger)
[2025-07-28 19:17:34,360] INFO [Broker id=0] Leader default-topic-0 with topic id Some(_ibBWIHqRKOF8ixKDAPTtQ) starts at leader epoch 0 from offset 0 with partition epoch 0, high watermark 0, ISR [0], adding replicas [] and removing replicas [] . Previous leader None and previous leader epoch was -1. (state.change.logger)
[2025-07-28 19:17:34,375] INFO [Broker id=0] Leader default-topic-3 with topic id Some(_ibBWIHqRKOF8ixKDAPTtQ) starts at leader epoch 0 from offset 0 with partition epoch 0, high watermark 0, ISR [0], adding replicas [] and removing replicas [] . Previous leader None and previous leader epoch was -1. (state.change.logger)
[2025-07-28 19:17:34,388] INFO [Broker id=0] Leader default-topic-2 with topic id Some(_ibBWIHqRKOF8ixKDAPTtQ) starts at leader epoch 0 from offset 0 with partition epoch 0, high watermark 0, ISR [0], adding replicas [] and removing replicas [] . Previous leader None and previous leader epoch was -1. (state.change.logger)
[2025-07-28 19:17:34,402] INFO [Broker id=0] Leader default-topic-4 with topic id Some(_ibBWIHqRKOF8ixKDAPTtQ) starts at leader epoch 0 from offset 0 with partition epoch 0, high watermark 0, ISR [0], adding replicas [] and removing replicas [] . Previous leader None and previous leader epoch was -1. (state.change.logger)
[2025-07-28 19:17:34,410] INFO [Broker id=0] Finished LeaderAndIsr request in 117ms correlationId 7 from controller 0 for 5 partitions (state.change.logger)
[2025-07-28 19:17:34,416] INFO [Broker id=0] Add 5 partitions and deleted 0 partitions from metadata cache in response to UpdateMetadata request sent by controller 0 epoch 1 with correlation id 8 (state.change.logger)
[2025-07-28 19:17:34,564] INFO [Controller id=0 epoch=1] Changed partition Customer-topic-3 state from NonExistentPartition to NewPartition with assigned replicas 0 (state.change.logger)
[2025-07-28 19:17:34,564] INFO [Controller id=0 epoch=1] Changed partition Customer-topic-2 state from NonExistentPartition to NewPartition with assigned replicas 0 (state.change.logger)
[2025-07-28 19:17:34,564] INFO [Controller id=0 epoch=1] Changed partition Customer-topic-1 state from NonExistentPartition to NewPartition with assigned replicas 0 (state.change.logger)
[2025-07-28 19:17:34,565] INFO [Controller id=0 epoch=1] Changed partition Customer-topic-4 state from NonExistentPartition to NewPartition with assigned replicas 0 (state.change.logger)
[2025-07-28 19:17:34,565] INFO [Controller id=0 epoch=1] Sending UpdateMetadata request to brokers HashSet() for 0 partitions (state.change.logger)
[2025-07-28 19:17:34,565] INFO [Controller id=0 epoch=1] Sending UpdateMetadata request to brokers HashSet() for 0 partitions (state.change.logger)
[2025-07-28 19:17:34,602] INFO [Controller id=0 epoch=1] Changed partition Customer-topic-3 from NewPartition to OnlinePartition with state LeaderAndIsr(leader=0, leaderEpoch=0, isrWithBrokerEpoch=List(BrokerState(brokerId=0, brokerEpoch=-1)), leaderRecoveryState=RECOVERED, partitionEpoch=0) (state.change.logger)
[2025-07-28 19:17:34,603] INFO [Controller id=0 epoch=1] Changed partition Customer-topic-2 from NewPartition to OnlinePartition with state LeaderAndIsr(leader=0, leaderEpoch=0, isrWithBrokerEpoch=List(BrokerState(brokerId=0, brokerEpoch=-1)), leaderRecoveryState=RECOVERED, partitionEpoch=0) (state.change.logger)
[2025-07-28 19:17:34,603] INFO [Controller id=0 epoch=1] Changed partition Customer-topic-1 from NewPartition to OnlinePartition with state LeaderAndIsr(leader=0, leaderEpoch=0, isrWithBrokerEpoch=List(BrokerState(brokerId=0, brokerEpoch=-1)), leaderRecoveryState=RECOVERED, partitionEpoch=0) (state.change.logger)
[2025-07-28 19:17:34,603] INFO [Controller id=0 epoch=1] Changed partition Customer-topic-4 from NewPartition to OnlinePartition with state LeaderAndIsr(leader=0, leaderEpoch=0, isrWithBrokerEpoch=List(BrokerState(brokerId=0, brokerEpoch=-1)), leaderRecoveryState=RECOVERED, partitionEpoch=0) (state.change.logger)
[2025-07-28 19:17:34,604] INFO [Controller id=0 epoch=1] Sending LeaderAndIsr request to broker 0 with 4 become-leader and 0 become-follower partitions (state.change.logger)
[2025-07-28 19:17:34,604] INFO [Controller id=0 epoch=1] Sending UpdateMetadata request to brokers HashSet(0) for 4 partitions (state.change.logger)
[2025-07-28 19:17:34,605] INFO [Controller id=0 epoch=1] Sending UpdateMetadata request to brokers HashSet() for 0 partitions (state.change.logger)
[2025-07-28 19:17:34,605] INFO [Broker id=0] Handling LeaderAndIsr request correlationId 9 from controller 0 for 4 partitions (state.change.logger)
[2025-07-28 19:17:34,613] INFO [Broker id=0] Stopped fetchers as part of LeaderAndIsr request correlationId 9 from controller 0 epoch 1 as part of the become-leader transition for 4 partitions (state.change.logger)
[2025-07-28 19:17:34,624] INFO [Broker id=0] Leader Customer-topic-2 with topic id Some(aWoz7CWNQW6x-5_jbLrZKA) starts at leader epoch 0 from offset 0 with partition epoch 0, high watermark 0, ISR [0], adding replicas [] and removing replicas [] . Previous leader None and previous leader epoch was -1. (state.change.logger)
[2025-07-28 19:17:34,637] INFO [Broker id=0] Leader Customer-topic-1 with topic id Some(aWoz7CWNQW6x-5_jbLrZKA) starts at leader epoch 0 from offset 0 with partition epoch 0, high watermark 0, ISR [0], adding replicas [] and removing replicas [] . Previous leader None and previous leader epoch was -1. (state.change.logger)
[2025-07-28 19:17:34,677] INFO [Broker id=0] Leader Customer-topic-4 with topic id Some(aWoz7CWNQW6x-5_jbLrZKA) starts at leader epoch 0 from offset 0 with partition epoch 0, high watermark 0, ISR [0], adding replicas [] and removing replicas [] . Previous leader None and previous leader epoch was -1. (state.change.logger)
[2025-07-28 19:17:34,689] INFO [Broker id=0] Leader Customer-topic-3 with topic id Some(aWoz7CWNQW6x-5_jbLrZKA) starts at leader epoch 0 from offset 0 with partition epoch 0, high watermark 0, ISR [0], adding replicas [] and removing replicas [] . Previous leader None and previous leader epoch was -1. (state.change.logger)
[2025-07-28 19:17:34,694] INFO [Broker id=0] Finished LeaderAndIsr request in 89ms correlationId 9 from controller 0 for 4 partitions (state.change.logger)
[2025-07-28 19:17:34,696] INFO [Broker id=0] Add 4 partitions and deleted 0 partitions from metadata cache in response to UpdateMetadata request sent by controller 0 epoch 1 with correlation id 10 (state.change.logger)
